<?xml version="1.0" encoding="UTF-8" ?>
<testsuite errors="0" failures="21" hostname="tmnowr" name="car.pool.user.test.TestUser" tests="26" time="2.787" timestamp="2008-08-21T00:04:38">
  <properties>
    <property name="java.runtime.name" value="Java(TM) SE Runtime Environment" />
    <property name="result.tests" value="test_results/results" />
    <property name="sun.boot.library.path" value="/opt/sun-jdk-1.6.0.07/jre/lib/amd64" />
    <property name="java.vm.version" value="10.0-b23" />
    <property name="ant.library.dir" value="/usr/share/ant-core/lib" />
    <property name="ant.version" value="Apache Ant version 1.7.0 compiled on August 14 2008" />
    <property name="ant.java.version" value="1.6" />
    <property name="java.vm.vendor" value="Sun Microsystems Inc." />
    <property name="java.vendor.url" value="http://java.sun.com/" />
    <property name="path.separator" value=":" />
    <property name="java.vm.name" value="Java HotSpot(TM) 64-Bit Server VM" />
    <property name="file.encoding.pkg" value="sun.io" />
    <property name="user.country" value="US" />
    <property name="sun.java.launcher" value="SUN_STANDARD" />
    <property name="sun.os.patch.level" value="unknown" />
    <property name="static.lib.dir" value="antlib" />
    <property name="java.vm.specification.name" value="Java Virtual Machine Specification" />
    <property name="user.dir" value="/home/terrasea/Projects/Eclipse/Massey/SoftwareC/car-pool-web-v2" />
    <property name="java.runtime.version" value="1.6.0_07-b06" />
    <property name="java.awt.graphicsenv" value="sun.awt.X11GraphicsEnvironment" />
    <property name="basedir" value="/home/terrasea/Projects/Eclipse/Massey/SoftwareC/car-pool-web-v2" />
    <property name="java.endorsed.dirs" value="/opt/sun-jdk-1.6.0.07/jre/lib/endorsed" />
    <property name="os.arch" value="amd64" />
    <property name="doc.dir" value="doc" />
    <property name="java.io.tmpdir" value="/tmp" />
    <property name="ant.core.lib" value="/usr/share/ant-core/lib/ant.jar" />
    <property name="line.separator" value="
" />
    <property name="java.vm.specification.vendor" value="Sun Microsystems Inc." />
    <property name="os.name" value="Linux" />
    <property name="jdepend.docs" value="doc/jdepend" />
    <property name="ant.home" value="/usr/share/ant-core" />
    <property name="build.classes" value="build/classes" />
    <property name="ant.project.name" value="car-pool-web-v2" />
    <property name="sun.jnu.encoding" value="ANSI_X3.4-1968" />
    <property name="java.library.path" value="" />
    <property name="java.class.version" value="50.0" />
    <property name="java.specification.name" value="Java Platform API Specification" />
    <property name="ant.file.car-pool-web-v2" value="/home/terrasea/Projects/Eclipse/Massey/SoftwareC/car-pool-web-v2/build.xml" />
    <property name="lib.dir" value="lib" />
    <property name="sun.management.compiler" value="HotSpot 64-Bit Server Compiler" />
    <property name="os.version" value="2.6.22-gentoo-r9" />
    <property name="ant.file" value="/home/terrasea/Projects/Eclipse/Massey/SoftwareC/car-pool-web-v2/build.xml" />
    <property name="config.dir" value="config" />
    <property name="user.home" value="/home/terrasea" />
    <property name="user.timezone" value="" />
    <property name="java.awt.printerjob" value="sun.print.PSPrinterJob" />
    <property name="java.specification.version" value="1.6" />
    <property name="file.encoding" value="ANSI_X3.4-1968" />
    <property name="java.class.path" value="/usr/share/ant-core/lib/ant-launcher.jar:/opt/sun-jdk-1.6.0.07/lib/tools.jar:/home/terrasea/Projects/Eclipse/Massey/SoftwareC/car-pool-web-v2/.:/usr/share/commons-logging/lib/commons-logging.jar:/usr/share/bsf-2.3/lib/bsf.jar:/usr/share/xml-commons-resolver/lib/xml-commons-resolver.jar:/usr/share/ant-core/lib/ant.jar:/usr/share/ant-junit/lib/ant-junit.jar:/usr/share/jdepend/lib/jdepend.jar:/usr/share/jarjar-1/lib/jarjar.jar:/usr/share/jzlib/lib/jzlib.jar:/usr/share/asm-2/lib/asm-xml.jar:/usr/share/ant-jsch/lib/ant-jsch.jar:/usr/share/gnu-regexp-1/lib/gnu-regexp.jar:/usr/share/ant-antlr/lib/ant-antlr.jar:/usr/share/ant-trax/lib/ant-trax.jar:/usr/share/ant-nodeps/lib/ant-nodeps.jar:/usr/share/asm-2/lib/asm.jar:/usr/share/xalan/lib/xalan.jar:/usr/share/jsch/lib/jsch.jar:/usr/share/ant-commons-logging/lib/ant-commons-logging.jar:/usr/share/servletapi-2.3/lib/servlet.jar:/usr/share/asm-2/lib/asm-tree.jar:/usr/share/ant-contrib/lib/ant-contrib.jar:/usr/share/xml-commons-external-1.3/lib/xml-apis.jar:/usr/share/ant-apache-regexp/lib/ant-apache-regexp.jar:/usr/share/ant-jmf/lib/ant-jmf.jar:/usr/share/xalan/lib/serializer.jar:/usr/share/xerces-2/lib/xercesImpl.jar:/usr/share/ant-apache-resolver/lib/ant-apache-resolver.jar:/usr/share/antlr/lib/antlr.jar:/usr/share/jakarta-regexp-1.3/lib/jakarta-regexp.jar:/usr/share/ant-apache-log4j/lib/ant-apache-log4j.jar:/usr/share/ant-core/lib/ant-launcher.jar:/usr/share/bcel/lib/bcel.jar:/usr/share/asm-2/lib/asm-util.jar:/usr/share/ant-jdepend/lib/ant-jdepend.jar:/usr/share/javacup/lib/javacup.jar:/usr/share/ant-commons-net/lib/ant-commons-net.jar:/usr/share/jakarta-oro-2.0/lib/jakarta-oro.jar:/usr/share/jakarta-regexp-1.4/lib/jakarta-regexp.jar:/usr/share/asm-2/lib/asm-attrs.jar:/usr/share/commons-logging/lib/commons-logging-api.jar:/usr/share/asm-2/lib/asm-analysis.jar:/usr/share/ant-swing/lib/ant-swing.jar:/usr/share/ant-apache-oro/lib/ant-apache-oro.jar:/usr/share/junit/lib/junit.jar:/usr/share/java-getopt-1/lib/gnu.getopt.jar:/usr/share/log4j/lib/log4j.jar:/usr/share/commons-logging/lib/commons-logging-adapters.jar:/usr/share/commons-net/lib/commons-net.jar:/usr/share/asm-2/lib/asm-commons.jar:/usr/share/ant-core/lib/ant-bootstrap.jar:/usr/share/qdox-1.6/lib/qdox.jar:/usr/share/ant-apache-bsf/lib/ant-apache-bsf.jar:/usr/share/ant-apache-bcel/lib/ant-apache-bcel.jar:/home/terrasea/.ant/lib/jdepend.jar:/home/terrasea/.ant/lib/ant-junit.jar:/home/terrasea/.ant/lib/ant-jdepend.jar:/home/terrasea/.ant/lib/ant-trax.jar:/usr/share/ant-core/lib/ant.jar:/usr/share/ant-core/lib/ant-bootstrap.jar:/usr/share/ant-core/lib/ant-launcher.jar" />
    <property name="user.name" value="terrasea" />
    <property name="java.vm.specification.version" value="1.0" />
    <property name="java.home" value="/opt/sun-jdk-1.6.0.07/jre" />
    <property name="sun.arch.data.model" value="64" />
    <property name="user.language" value="en" />
    <property name="java.specification.vendor" value="Sun Microsystems Inc." />
    <property name="java.vm.info" value="mixed mode" />
    <property name="java.version" value="1.6.0_07" />
    <property name="java.ext.dirs" value="/opt/sun-jdk-1.6.0.07/jre/lib/ext:/usr/java/packages/lib/ext" />
    <property name="sun.boot.class.path" value="/opt/sun-jdk-1.6.0.07/jre/lib/resources.jar:/opt/sun-jdk-1.6.0.07/jre/lib/rt.jar:/opt/sun-jdk-1.6.0.07/jre/lib/sunrsasign.jar:/opt/sun-jdk-1.6.0.07/jre/lib/jsse.jar:/opt/sun-jdk-1.6.0.07/jre/lib/jce.jar:/opt/sun-jdk-1.6.0.07/jre/lib/charsets.jar:/opt/sun-jdk-1.6.0.07/jre/classes" />
    <property name="java.vendor" value="Sun Microsystems Inc." />
    <property name="file.separator" value="/" />
    <property name="src.dir" value="src" />
    <property name="java.vendor.url.bug" value="http://java.sun.com/cgi-bin/bugreport.cgi" />
    <property name="sun.io.unicode.encoding" value="UnicodeLittle" />
    <property name="sun.cpu.endian" value="little" />
    <property name="sun.desktop" value="gnome" />
    <property name="jar.dir" value="jar" />
    <property name="sun.cpu.isalist" value="" />
  </properties>
  <testcase classname="car.pool.user.test.TestUser" name="testCalcSocialScore" time="0.025">
    <failure message="Not yet implemented" type="junit.framework.AssertionFailedError">junit.framework.AssertionFailedError: Not yet implemented
	at car.pool.user.test.TestUser.testCalcSocialScore(Unknown Source)
</failure>
  </testcase>
  <testcase classname="car.pool.user.test.TestUser" name="testCheckPassword" time="0.041">
    <failure message="Not yet implemented" type="junit.framework.AssertionFailedError">junit.framework.AssertionFailedError: Not yet implemented
	at car.pool.user.test.TestUser.testCheckPassword(Unknown Source)
</failure>
  </testcase>
  <testcase classname="car.pool.user.test.TestUser" name="testEditDetail" time="0.012">
    <failure message="Not yet implemented" type="junit.framework.AssertionFailedError">junit.framework.AssertionFailedError: Not yet implemented
	at car.pool.user.test.TestUser.testEditDetail(Unknown Source)
</failure>
  </testcase>
  <testcase classname="car.pool.user.test.TestUser" name="testGetEmail" time="0.0080" />
  <testcase classname="car.pool.user.test.TestUser" name="testGetName" time="0.012">
    <failure message="expected:&lt;null&gt; but was:&lt;James&gt;" type="junit.framework.AssertionFailedError">junit.framework.AssertionFailedError: expected:&lt;null&gt; but was:&lt;James&gt;
	at car.pool.user.test.TestUser.testGetName(Unknown Source)
</failure>
  </testcase>
  <testcase classname="car.pool.user.test.TestUser" name="testGetOcupation" time="0.011">
    <failure message="Not yet implemented" type="junit.framework.AssertionFailedError">junit.framework.AssertionFailedError: Not yet implemented
	at car.pool.user.test.TestUser.testGetOcupation(Unknown Source)
</failure>
  </testcase>
  <testcase classname="car.pool.user.test.TestUser" name="testGetOpenIds" time="0.029" />
  <testcase classname="car.pool.user.test.TestUser" name="testGetPhoneNumber" time="0.0050" />
  <testcase classname="car.pool.user.test.TestUser" name="testGetSocialScore" time="0.0070">
    <failure message="Not yet implemented" type="junit.framework.AssertionFailedError">junit.framework.AssertionFailedError: Not yet implemented
	at car.pool.user.test.TestUser.testGetSocialScore(Unknown Source)
</failure>
  </testcase>
  <testcase classname="car.pool.user.test.TestUser" name="testGetSuburb" time="0.0070">
    <failure message="Not yet implemented" type="junit.framework.AssertionFailedError">junit.framework.AssertionFailedError: Not yet implemented
	at car.pool.user.test.TestUser.testGetSuburb(Unknown Source)
</failure>
  </testcase>
  <testcase classname="car.pool.user.test.TestUser" name="testGetUserId" time="0.013" />
  <testcase classname="car.pool.user.test.TestUser" name="testGetUserName" time="0.0050" />
  <testcase classname="car.pool.user.test.TestUser" name="testLoginFailed" time="0.0090">
    <failure message="Not yet implemented" type="junit.framework.AssertionFailedError">junit.framework.AssertionFailedError: Not yet implemented
	at car.pool.user.test.TestUser.testLoginFailed(Unknown Source)
</failure>
  </testcase>
  <testcase classname="car.pool.user.test.TestUser" name="testGetMemberSince" time="0.0080">
    <failure message="Not yet implemented" type="junit.framework.AssertionFailedError">junit.framework.AssertionFailedError: Not yet implemented
	at car.pool.user.test.TestUser.testGetMemberSince(Unknown Source)
</failure>
  </testcase>
  <testcase classname="car.pool.user.test.TestUser" name="testAddOpenId" time="0.0070">
    <failure message="Not yet implemented" type="junit.framework.AssertionFailedError">junit.framework.AssertionFailedError: Not yet implemented
	at car.pool.user.test.TestUser.testAddOpenId(Unknown Source)
</failure>
  </testcase>
  <testcase classname="car.pool.user.test.TestUser" name="testGetPassword" time="0.014">
    <failure message="Not yet implemented" type="junit.framework.AssertionFailedError">junit.framework.AssertionFailedError: Not yet implemented
	at car.pool.user.test.TestUser.testGetPassword(Unknown Source)
</failure>
  </testcase>
  <testcase classname="car.pool.user.test.TestUser" name="testSetEmail" time="0.012">
    <failure message="Not yet implemented" type="junit.framework.AssertionFailedError">junit.framework.AssertionFailedError: Not yet implemented
	at car.pool.user.test.TestUser.testSetEmail(Unknown Source)
</failure>
  </testcase>
  <testcase classname="car.pool.user.test.TestUser" name="testSetMemberSince" time="0.0070">
    <failure message="Not yet implemented" type="junit.framework.AssertionFailedError">junit.framework.AssertionFailedError: Not yet implemented
	at car.pool.user.test.TestUser.testSetMemberSince(Unknown Source)
</failure>
  </testcase>
  <testcase classname="car.pool.user.test.TestUser" name="testSetName" time="0.0070">
    <failure message="Not yet implemented" type="junit.framework.AssertionFailedError">junit.framework.AssertionFailedError: Not yet implemented
	at car.pool.user.test.TestUser.testSetName(Unknown Source)
</failure>
  </testcase>
  <testcase classname="car.pool.user.test.TestUser" name="testSetOcupation" time="0.0060">
    <failure message="Not yet implemented" type="junit.framework.AssertionFailedError">junit.framework.AssertionFailedError: Not yet implemented
	at car.pool.user.test.TestUser.testSetOcupation(Unknown Source)
</failure>
  </testcase>
  <testcase classname="car.pool.user.test.TestUser" name="testSetPassword" time="0.0070">
    <failure message="Not yet implemented" type="junit.framework.AssertionFailedError">junit.framework.AssertionFailedError: Not yet implemented
	at car.pool.user.test.TestUser.testSetPassword(Unknown Source)
</failure>
  </testcase>
  <testcase classname="car.pool.user.test.TestUser" name="testSetPhoneNumber" time="0.0060">
    <failure message="Not yet implemented" type="junit.framework.AssertionFailedError">junit.framework.AssertionFailedError: Not yet implemented
	at car.pool.user.test.TestUser.testSetPhoneNumber(Unknown Source)
</failure>
  </testcase>
  <testcase classname="car.pool.user.test.TestUser" name="testSetSocialScore" time="0.0070">
    <failure message="Not yet implemented" type="junit.framework.AssertionFailedError">junit.framework.AssertionFailedError: Not yet implemented
	at car.pool.user.test.TestUser.testSetSocialScore(Unknown Source)
</failure>
  </testcase>
  <testcase classname="car.pool.user.test.TestUser" name="testSetSuburb" time="0.0090">
    <failure message="Not yet implemented" type="junit.framework.AssertionFailedError">junit.framework.AssertionFailedError: Not yet implemented
	at car.pool.user.test.TestUser.testSetSuburb(Unknown Source)
</failure>
  </testcase>
  <testcase classname="car.pool.user.test.TestUser" name="testSetUserId" time="0.0050">
    <failure message="Not yet implemented" type="junit.framework.AssertionFailedError">junit.framework.AssertionFailedError: Not yet implemented
	at car.pool.user.test.TestUser.testSetUserId(Unknown Source)
</failure>
  </testcase>
  <testcase classname="car.pool.user.test.TestUser" name="testSetUserName" time="0.0080">
    <failure message="Not yet implemented" type="junit.framework.AssertionFailedError">junit.framework.AssertionFailedError: Not yet implemented
	at car.pool.user.test.TestUser.testSetUserName(Unknown Source)
</failure>
  </testcase>
  <system-out><![CDATA[User ID: 513
]]></system-out>
  <system-err><![CDATA[]]></system-err>
</testsuite>
