<?xml version="1.0" encoding="UTF-8" ?>
<testsuite errors="0" failures="0" hostname="tmnowr" name="car.pool.user.test.TestUpdateUser" tests="4" time="1.973" timestamp="2008-10-15T03:37:57">
  <properties>
[...]
</properties>
  <testcase classname="car.pool.user.test.TestUpdateUser" name="testUpdateUserEmail" time="0.396" />
  <testcase classname="car.pool.user.test.TestUpdateUser" name="testUpdateUserPhone" time="0.205" />
  <testcase classname="car.pool.user.test.TestUpdateUser" name="testUpdateUserOpenId" time="0.204" />
  <testcase classname="car.pool.user.test.TestUpdateUser" name="testUpdateUserReplaceOpenId" time="0.721" />
  <system-out><![CDATA[]]></system-out>
  <system-err><![CDATA[]]></system-err>
</testsuite>
