<?xml version="1.0" encoding="UTF-8" ?>
<testsuites>
  <testsuite errors="0" failures="0" hostname="tmnowr" id="0" name="EmailTest" package="car.pool.email.test" tests="4" time="1.028" timestamp="2008-10-15T03:37:43">
      <properties>
[...]
</properties>

      <testcase classname="car.pool.email.test.EmailTest" name="testGetSetToAddress" time="0.599" />

      <testcase classname="car.pool.email.test.EmailTest" name="testGetFromAddress" time="0.07" />

      <testcase classname="car.pool.email.test.EmailTest" name="testSetGetSubject" time="0.063" />

      <testcase classname="car.pool.email.test.EmailTest" name="testSetGetMessage" time="0.024" />

      <system-out />

      <system-err />

  </testsuite>
  <testsuite errors="0" failures="0" hostname="tmnowr" id="1" name="SMTPTest" package="car.pool.email.test" tests="1" time="13.226" timestamp="2008-10-15T03:37:44">
      <properties>
[...]
</properties>

      <testcase classname="car.pool.email.test.SMTPTest" name="testSend" time="13.196" />

      <system-out />

      <system-err />

  </testsuite>
  <testsuite errors="0" failures="0" hostname="tmnowr" id="2" name="TestUpdateUser" package="car.pool.user.test" tests="4" time="1.973" timestamp="2008-10-15T03:37:57">
      <properties>
[...]
</properties>

      <testcase classname="car.pool.user.test.TestUpdateUser" name="testUpdateUserEmail" time="0.396" />

      <testcase classname="car.pool.user.test.TestUpdateUser" name="testUpdateUserPhone" time="0.205" />

      <testcase classname="car.pool.user.test.TestUpdateUser" name="testUpdateUserOpenId" time="0.204" />

      <testcase classname="car.pool.user.test.TestUpdateUser" name="testUpdateUserReplaceOpenId" time="0.721" />

      <system-out />

      <system-err />

  </testsuite>
  <testsuite errors="0" failures="19" hostname="tmnowr" id="3" name="TestUser" package="car.pool.user.test" tests="28" time="1.009" timestamp="2008-10-15T03:37:59">
      <properties>
[...]
</properties>

      <testcase classname="car.pool.user.test.TestUser" name="testCalcSocialScore" time="0.06">
          <failure message="Not yet implemented" type="junit.framework.AssertionFailedError">junit.framework.AssertionFailedError: Not yet implemented
	at car.pool.user.test.TestUser.testCalcSocialScore(TestUser.java:43)
</failure>

      </testcase>

      <testcase classname="car.pool.user.test.TestUser" name="testCheckPassword" time="0.031">
          <failure message="Not yet implemented" type="junit.framework.AssertionFailedError">junit.framework.AssertionFailedError: Not yet implemented
	at car.pool.user.test.TestUser.testCheckPassword(TestUser.java:48)
</failure>

      </testcase>

      <testcase classname="car.pool.user.test.TestUser" name="testEditDetail" time="0.0060">
          <failure message="Not yet implemented" type="junit.framework.AssertionFailedError">junit.framework.AssertionFailedError: Not yet implemented
	at car.pool.user.test.TestUser.testEditDetail(TestUser.java:53)
</failure>

      </testcase>

      <testcase classname="car.pool.user.test.TestUser" name="testGetEmail" time="0.01" />

      <testcase classname="car.pool.user.test.TestUser" name="testGetName" time="0.0070">
          <failure message="expected:&lt;null&gt; but was:&lt;James&gt;" type="junit.framework.AssertionFailedError">junit.framework.AssertionFailedError: expected:&lt;null&gt; but was:&lt;James&gt;
	at car.pool.user.test.TestUser.testGetName(TestUser.java:65)
</failure>

      </testcase>

      <testcase classname="car.pool.user.test.TestUser" name="testGetOcupation" time="0.0070">
          <failure message="Not yet implemented" type="junit.framework.AssertionFailedError">junit.framework.AssertionFailedError: Not yet implemented
	at car.pool.user.test.TestUser.testGetOcupation(TestUser.java:70)
</failure>

      </testcase>

      <testcase classname="car.pool.user.test.TestUser" name="testGetOpenIds" time="0.0050" />

      <testcase classname="car.pool.user.test.TestUser" name="testGetPhoneNumber" time="0.0050" />

      <testcase classname="car.pool.user.test.TestUser" name="testGetSocialScore" time="0.0080">
          <failure message="Not yet implemented" type="junit.framework.AssertionFailedError">junit.framework.AssertionFailedError: Not yet implemented
	at car.pool.user.test.TestUser.testGetSocialScore(TestUser.java:86)
</failure>

      </testcase>

      <testcase classname="car.pool.user.test.TestUser" name="testGetSuburb" time="0.0070">
          <failure message="Not yet implemented" type="junit.framework.AssertionFailedError">junit.framework.AssertionFailedError: Not yet implemented
	at car.pool.user.test.TestUser.testGetSuburb(TestUser.java:91)
</failure>

      </testcase>

      <testcase classname="car.pool.user.test.TestUser" name="testGetUserId" time="0.0040" />

      <testcase classname="car.pool.user.test.TestUser" name="testGetUserName" time="0.0040" />

      <testcase classname="car.pool.user.test.TestUser" name="testLoginFailed" time="0.0070">
          <failure message="Not yet implemented" type="junit.framework.AssertionFailedError">junit.framework.AssertionFailedError: Not yet implemented
	at car.pool.user.test.TestUser.testLoginFailed(TestUser.java:107)
</failure>

      </testcase>

      <testcase classname="car.pool.user.test.TestUser" name="testGetMemberSince" time="0.0070">
          <failure message="Not yet implemented" type="junit.framework.AssertionFailedError">junit.framework.AssertionFailedError: Not yet implemented
	at car.pool.user.test.TestUser.testGetMemberSince(TestUser.java:112)
</failure>

      </testcase>

      <testcase classname="car.pool.user.test.TestUser" name="testAddOpenId" time="0.012">
          <failure message="Not yet implemented" type="junit.framework.AssertionFailedError">junit.framework.AssertionFailedError: Not yet implemented
	at car.pool.user.test.TestUser.testAddOpenId(TestUser.java:117)
</failure>

      </testcase>

      <testcase classname="car.pool.user.test.TestUser" name="testGetPassword" time="0.0060">
          <failure message="Not yet implemented" type="junit.framework.AssertionFailedError">junit.framework.AssertionFailedError: Not yet implemented
	at car.pool.user.test.TestUser.testGetPassword(TestUser.java:122)
</failure>

      </testcase>

      <testcase classname="car.pool.user.test.TestUser" name="testSetEmail" time="0.01">
          <failure message="Not yet implemented" type="junit.framework.AssertionFailedError">junit.framework.AssertionFailedError: Not yet implemented
	at car.pool.user.test.TestUser.testSetEmail(TestUser.java:127)
</failure>

      </testcase>

      <testcase classname="car.pool.user.test.TestUser" name="testSetMemberSince" time="0.0060">
          <failure message="Not yet implemented" type="junit.framework.AssertionFailedError">junit.framework.AssertionFailedError: Not yet implemented
	at car.pool.user.test.TestUser.testSetMemberSince(TestUser.java:132)
</failure>

      </testcase>

      <testcase classname="car.pool.user.test.TestUser" name="testSetName" time="0.0080">
          <failure message="Not yet implemented" type="junit.framework.AssertionFailedError">junit.framework.AssertionFailedError: Not yet implemented
	at car.pool.user.test.TestUser.testSetName(TestUser.java:137)
</failure>

      </testcase>

      <testcase classname="car.pool.user.test.TestUser" name="testSetOcupation" time="0.0070">
          <failure message="Not yet implemented" type="junit.framework.AssertionFailedError">junit.framework.AssertionFailedError: Not yet implemented
	at car.pool.user.test.TestUser.testSetOcupation(TestUser.java:142)
</failure>

      </testcase>

      <testcase classname="car.pool.user.test.TestUser" name="testSetPassword" time="0.0060">
          <failure message="Not yet implemented" type="junit.framework.AssertionFailedError">junit.framework.AssertionFailedError: Not yet implemented
	at car.pool.user.test.TestUser.testSetPassword(TestUser.java:147)
</failure>

      </testcase>

      <testcase classname="car.pool.user.test.TestUser" name="testSetPhoneNumber" time="0.0060" />

      <testcase classname="car.pool.user.test.TestUser" name="testSetSocialScore" time="0.037">
          <failure message="expected not same" type="junit.framework.AssertionFailedError">junit.framework.AssertionFailedError: expected not same
	at car.pool.user.test.TestUser.testSetSocialScore(TestUser.java:166)
</failure>

      </testcase>

      <testcase classname="car.pool.user.test.TestUser" name="testSetSuburb" time="0.0090" />

      <testcase classname="car.pool.user.test.TestUser" name="testSetUserId" time="0.0080" />

      <testcase classname="car.pool.user.test.TestUser" name="testSetUserName" time="0.0050" />

      <testcase classname="car.pool.user.test.TestUser" name="testEquals" time="0.057">
          <failure type="junit.framework.AssertionFailedError">junit.framework.AssertionFailedError: 
	at car.pool.user.test.TestUser.testEquals(TestUser.java:203)
</failure>

      </testcase>

      <testcase classname="car.pool.user.test.TestUser" name="testHasCode" time="0.206">
          <failure message="expected:&lt;-1111521277&gt; but was:&lt;-1203612006&gt;" type="junit.framework.AssertionFailedError">junit.framework.AssertionFailedError: expected:&lt;-1111521277&gt; but was:&lt;-1203612006&gt;
	at car.pool.user.test.TestUser.testHasCode(TestUser.java:216)
</failure>

      </testcase>

      <system-out />

      <system-err />

  </testsuite>
  <testsuite errors="0" failures="0" hostname="tmnowr" id="4" name="UserManagerTest" package="car.pool.user.test" tests="5" time="0.763" timestamp="2008-10-15T03:38:01">
      <properties>
[...]
</properties>

      <testcase classname="car.pool.user.test.UserManagerTest" name="testRegisterUser" time="0.059" />

      <testcase classname="car.pool.user.test.UserManagerTest" name="testLogin" time="0.044" />

      <testcase classname="car.pool.user.test.UserManagerTest" name="testAttachOpenId" time="0.067" />

      <testcase classname="car.pool.user.test.UserManagerTest" name="testDetachOpenId" time="0.053" />

      <testcase classname="car.pool.user.test.UserManagerTest" name="testRemoveUser" time="0.174" />

      <system-out />

      <system-err />

  </testsuite>
</testsuites>
