<?xml version="1.0" encoding="UTF-8" ?>
<testsuite errors="0" failures="21" hostname="tmnowr" name="car.pool.user.test.TestUser" tests="26" time="2.787" timestamp="2008-08-21T00:04:38">
  <properties>
[...]
</properties>
  <testcase classname="car.pool.user.test.TestUser" name="testCalcSocialScore" time="0.025">
    <failure message="Not yet implemented" type="junit.framework.AssertionFailedError">junit.framework.AssertionFailedError: Not yet implemented
	at car.pool.user.test.TestUser.testCalcSocialScore(Unknown Source)
</failure>
  </testcase>
  <testcase classname="car.pool.user.test.TestUser" name="testCheckPassword" time="0.041">
    <failure message="Not yet implemented" type="junit.framework.AssertionFailedError">junit.framework.AssertionFailedError: Not yet implemented
	at car.pool.user.test.TestUser.testCheckPassword(Unknown Source)
</failure>
  </testcase>
  <testcase classname="car.pool.user.test.TestUser" name="testEditDetail" time="0.012">
    <failure message="Not yet implemented" type="junit.framework.AssertionFailedError">junit.framework.AssertionFailedError: Not yet implemented
	at car.pool.user.test.TestUser.testEditDetail(Unknown Source)
</failure>
  </testcase>
  <testcase classname="car.pool.user.test.TestUser" name="testGetEmail" time="0.0080" />
  <testcase classname="car.pool.user.test.TestUser" name="testGetName" time="0.012">
    <failure message="expected:&lt;null&gt; but was:&lt;James&gt;" type="junit.framework.AssertionFailedError">junit.framework.AssertionFailedError: expected:&lt;null&gt; but was:&lt;James&gt;
	at car.pool.user.test.TestUser.testGetName(Unknown Source)
</failure>
  </testcase>
  <testcase classname="car.pool.user.test.TestUser" name="testGetOcupation" time="0.011">
    <failure message="Not yet implemented" type="junit.framework.AssertionFailedError">junit.framework.AssertionFailedError: Not yet implemented
	at car.pool.user.test.TestUser.testGetOcupation(Unknown Source)
</failure>
  </testcase>
  <testcase classname="car.pool.user.test.TestUser" name="testGetOpenIds" time="0.029" />
  <testcase classname="car.pool.user.test.TestUser" name="testGetPhoneNumber" time="0.0050" />
  <testcase classname="car.pool.user.test.TestUser" name="testGetSocialScore" time="0.0070">
    <failure message="Not yet implemented" type="junit.framework.AssertionFailedError">junit.framework.AssertionFailedError: Not yet implemented
	at car.pool.user.test.TestUser.testGetSocialScore(Unknown Source)
</failure>
  </testcase>
  <testcase classname="car.pool.user.test.TestUser" name="testGetSuburb" time="0.0070">
    <failure message="Not yet implemented" type="junit.framework.AssertionFailedError">junit.framework.AssertionFailedError: Not yet implemented
	at car.pool.user.test.TestUser.testGetSuburb(Unknown Source)
</failure>
  </testcase>
  <testcase classname="car.pool.user.test.TestUser" name="testGetUserId" time="0.013" />
  <testcase classname="car.pool.user.test.TestUser" name="testGetUserName" time="0.0050" />
  <testcase classname="car.pool.user.test.TestUser" name="testLoginFailed" time="0.0090">
    <failure message="Not yet implemented" type="junit.framework.AssertionFailedError">junit.framework.AssertionFailedError: Not yet implemented
	at car.pool.user.test.TestUser.testLoginFailed(Unknown Source)
</failure>
  </testcase>
  <testcase classname="car.pool.user.test.TestUser" name="testGetMemberSince" time="0.0080">
    <failure message="Not yet implemented" type="junit.framework.AssertionFailedError">junit.framework.AssertionFailedError: Not yet implemented
	at car.pool.user.test.TestUser.testGetMemberSince(Unknown Source)
</failure>
  </testcase>
  <testcase classname="car.pool.user.test.TestUser" name="testAddOpenId" time="0.0070">
    <failure message="Not yet implemented" type="junit.framework.AssertionFailedError">junit.framework.AssertionFailedError: Not yet implemented
	at car.pool.user.test.TestUser.testAddOpenId(Unknown Source)
</failure>
  </testcase>
  <testcase classname="car.pool.user.test.TestUser" name="testGetPassword" time="0.014">
    <failure message="Not yet implemented" type="junit.framework.AssertionFailedError">junit.framework.AssertionFailedError: Not yet implemented
	at car.pool.user.test.TestUser.testGetPassword(Unknown Source)
</failure>
  </testcase>
  <testcase classname="car.pool.user.test.TestUser" name="testSetEmail" time="0.012">
    <failure message="Not yet implemented" type="junit.framework.AssertionFailedError">junit.framework.AssertionFailedError: Not yet implemented
	at car.pool.user.test.TestUser.testSetEmail(Unknown Source)
</failure>
  </testcase>
  <testcase classname="car.pool.user.test.TestUser" name="testSetMemberSince" time="0.0070">
    <failure message="Not yet implemented" type="junit.framework.AssertionFailedError">junit.framework.AssertionFailedError: Not yet implemented
	at car.pool.user.test.TestUser.testSetMemberSince(Unknown Source)
</failure>
  </testcase>
  <testcase classname="car.pool.user.test.TestUser" name="testSetName" time="0.0070">
    <failure message="Not yet implemented" type="junit.framework.AssertionFailedError">junit.framework.AssertionFailedError: Not yet implemented
	at car.pool.user.test.TestUser.testSetName(Unknown Source)
</failure>
  </testcase>
  <testcase classname="car.pool.user.test.TestUser" name="testSetOcupation" time="0.0060">
    <failure message="Not yet implemented" type="junit.framework.AssertionFailedError">junit.framework.AssertionFailedError: Not yet implemented
	at car.pool.user.test.TestUser.testSetOcupation(Unknown Source)
</failure>
  </testcase>
  <testcase classname="car.pool.user.test.TestUser" name="testSetPassword" time="0.0070">
    <failure message="Not yet implemented" type="junit.framework.AssertionFailedError">junit.framework.AssertionFailedError: Not yet implemented
	at car.pool.user.test.TestUser.testSetPassword(Unknown Source)
</failure>
  </testcase>
  <testcase classname="car.pool.user.test.TestUser" name="testSetPhoneNumber" time="0.0060">
    <failure message="Not yet implemented" type="junit.framework.AssertionFailedError">junit.framework.AssertionFailedError: Not yet implemented
	at car.pool.user.test.TestUser.testSetPhoneNumber(Unknown Source)
</failure>
  </testcase>
  <testcase classname="car.pool.user.test.TestUser" name="testSetSocialScore" time="0.0070">
    <failure message="Not yet implemented" type="junit.framework.AssertionFailedError">junit.framework.AssertionFailedError: Not yet implemented
	at car.pool.user.test.TestUser.testSetSocialScore(Unknown Source)
</failure>
  </testcase>
  <testcase classname="car.pool.user.test.TestUser" name="testSetSuburb" time="0.0090">
    <failure message="Not yet implemented" type="junit.framework.AssertionFailedError">junit.framework.AssertionFailedError: Not yet implemented
	at car.pool.user.test.TestUser.testSetSuburb(Unknown Source)
</failure>
  </testcase>
  <testcase classname="car.pool.user.test.TestUser" name="testSetUserId" time="0.0050">
    <failure message="Not yet implemented" type="junit.framework.AssertionFailedError">junit.framework.AssertionFailedError: Not yet implemented
	at car.pool.user.test.TestUser.testSetUserId(Unknown Source)
</failure>
  </testcase>
  <testcase classname="car.pool.user.test.TestUser" name="testSetUserName" time="0.0080">
    <failure message="Not yet implemented" type="junit.framework.AssertionFailedError">junit.framework.AssertionFailedError: Not yet implemented
	at car.pool.user.test.TestUser.testSetUserName(Unknown Source)
</failure>
  </testcase>
  <system-out><![CDATA[User ID: 513
]]></system-out>
  <system-err><![CDATA[]]></system-err>
</testsuite>
