<?xml version="1.0" encoding="UTF-8" ?>
<testsuites>
  <testsuite errors="0" failures="1" hostname="tmnowr" id="0" name="AddLocations" package="car.pool.persistance.test" tests="1" time="0.201" timestamp="2008-10-15T03:44:54">
      <properties>
[...]
</properties>

      <testcase classname="junit.framework.TestSuite$1" name="warning" time="0.0090">
          <failure message="No tests found in car.pool.persistance.test.AddLocations" type="junit.framework.AssertionFailedError">junit.framework.AssertionFailedError: No tests found in car.pool.persistance.test.AddLocations
</failure>

      </testcase>

      <system-out />

      <system-err />

  </testsuite>
  <testsuite errors="0" failures="0" hostname="tmnowr" id="1" name="CarPoolStoreImplTest" package="car.pool.persistance.test" tests="24" time="5.408" timestamp="2008-10-15T03:44:55">
      <properties>
[...]
</properties>

      <testcase classname="car.pool.persistance.test.CarPoolStoreImplTest" name="testAddUser" time="0.995" />

      <testcase classname="car.pool.persistance.test.CarPoolStoreImplTest" name="testCheckUserExists" time="0.022" />

      <testcase classname="car.pool.persistance.test.CarPoolStoreImplTest" name="testCheckUser" time="0.646" />

      <testcase classname="car.pool.persistance.test.CarPoolStoreImplTest" name="testAddRide" time="0.485" />

      <testcase classname="car.pool.persistance.test.CarPoolStoreImplTest" name="testTakeRide" time="0.019" />

      <testcase classname="car.pool.persistance.test.CarPoolStoreImplTest" name="testRemoveUser" time="0.019" />

      <testcase classname="car.pool.persistance.test.CarPoolStoreImplTest" name="testAttachOpenID" time="0.242" />

      <testcase classname="car.pool.persistance.test.CarPoolStoreImplTest" name="testDetachOpenID" time="0.183" />

      <testcase classname="car.pool.persistance.test.CarPoolStoreImplTest" name="testDetachOpenIDbyUser" time="0.18" />

      <testcase classname="car.pool.persistance.test.CarPoolStoreImplTest" name="testGetOpenIDbyUser" time="0.39" />

      <testcase classname="car.pool.persistance.test.CarPoolStoreImplTest" name="testGetOpenIDbyURL" time="0.192" />

      <testcase classname="car.pool.persistance.test.CarPoolStoreImplTest" name="testAll" time="0.072" />

      <testcase classname="car.pool.persistance.test.CarPoolStoreImplTest" name="testRideListing" time="0.478" />

      <testcase classname="car.pool.persistance.test.CarPoolStoreImplTest" name="testSearchRideListing" time="0.21" />

      <testcase classname="car.pool.persistance.test.CarPoolStoreImplTest" name="testGetMax" time="0.076" />

      <testcase classname="car.pool.persistance.test.CarPoolStoreImplTest" name="testAddGetDeleteComment" time="0.083" />

      <testcase classname="car.pool.persistance.test.CarPoolStoreImplTest" name="testGetRegionName" time="0.045" />

      <testcase classname="car.pool.persistance.test.CarPoolStoreImplTest" name="testGetRideDetail" time="0.138" />

      <testcase classname="car.pool.persistance.test.CarPoolStoreImplTest" name="testScoring" time="0.199" />

      <testcase classname="car.pool.persistance.test.CarPoolStoreImplTest" name="testGetTripID" time="0.122" />

      <testcase classname="car.pool.persistance.test.CarPoolStoreImplTest" name="testGetGeoLocation" time="0.122" />

      <testcase classname="car.pool.persistance.test.CarPoolStoreImplTest" name="testRemoveRide" time="0.13" />

      <testcase classname="car.pool.persistance.test.CarPoolStoreImplTest" name="testHasUserAddedScore" time="0.135" />

      <testcase classname="car.pool.persistance.test.CarPoolStoreImplTest" name="testUpdateGeoLocation" time="0.201" />

      <system-out><![CDATA[www.google.com
6, 438, b, 2, 2008-10-15, Blair St, Blair St, no latecomers please
7, 439, c, 1, 2008-10-15, Blair St, Blair St, I might be a few minutes late
8, 440, d, 3, 2008-10-15, Blair St, Blair St, be on time
search jordan
13, 461, jordan, 3, 2008-10-15, noon, Blair St, Massey Street geoLocation:noLocation comment:this is a comment
searchDate
10, 450, b, 2, 2008-10-15, 6:22 AM, Blair St, Blair St geoLocation:noLocation comment:no latecomers please
11, 451, c, 1, 2008-10-15, 3:22 PM, Blair St, Blair St geoLocation:noLocation comment:I might be a few minutes late
12, 452, d, 3, 2008-10-15, 9:22 PM, Blair St, Blair St geoLocation:noLocation comment:be on time
13, 461, jordan, 3, 2008-10-15, noon, Blair St, Massey Street geoLocation:noLocation comment:this is a comment
search Blair St both
10, 450, b, 2, 2008-10-15, 6:22 AM, Blair St, Blair St geoLocation:noLocation comment:no latecomers please
11, 451, c, 1, 2008-10-15, 3:22 PM, Blair St, Blair St geoLocation:noLocation comment:I might be a few minutes late
12, 452, d, 3, 2008-10-15, 9:22 PM, Blair St, Blair St geoLocation:noLocation comment:be on time
13, 461, jordan, 3, 2008-10-15, noon, Blair St, Massey Street geoLocation:noLocation comment:this is a comment
search Blair St start
10, 450, b, 2, 2008-10-15, 6:22 AM, Blair St, Blair St geoLocation:noLocation comment:no latecomers please
11, 451, c, 1, 2008-10-15, 3:22 PM, Blair St, Blair St geoLocation:noLocation comment:I might be a few minutes late
12, 452, d, 3, 2008-10-15, 9:22 PM, Blair St, Blair St geoLocation:noLocation comment:be on time
13, 461, jordan, 3, 2008-10-15, noon, Blair St, Massey Street geoLocation:noLocation comment:this is a comment
search Massey end
13, 461, jordan, 3, 2008-10-15, noon, Blair St, Massey Street geoLocation:noLocation comment:this is a comment
getall
10, 450, b, 2, 2008-10-15, 6:22 AM, Blair St, Blair St geoLocation:noLocation comment:no latecomers please
11, 451, c, 1, 2008-10-15, 3:22 PM, Blair St, Blair St geoLocation:noLocation comment:I might be a few minutes late
12, 452, d, 3, 2008-10-15, 9:22 PM, Blair St, Blair St geoLocation:noLocation comment:be on time
13, 461, jordan, 3, 2008-10-15, noon, Blair St, Massey Street geoLocation:noLocation comment:this is a comment
userid: 465, username: a, street number: 0,1, geoLocation: noLocation
userid: 469, username: e, street number: 0,1, geoLocation: noLocation
userid: 470, username: f, street number: 0,1, geoLocation: noLocation
userid: 471, username: g, street number: 0,1, geoLocation: noLocation
userid: 472, username: h, street number: 0,1, geoLocation: noLocation
userid: 466, username: b, street number: 1,1, geoLocation: noLocation
userid: 473, username: i, street number: 0,1, geoLocation: noLocation
userid: 474, username: j, street number: 0,1, geoLocation: noLocation
userid: 467, username: c, street number: 2,1, geoLocation: noLocation
userid: 471, username: g, street number: 0,1, geoLocation: noLocation
userid: 472, username: h, street number: 0,1, geoLocation: noLocation
userid: 475, username: k, street number: 0,1, geoLocation: noLocation
userid: 468, username: d, street number: 3,1, geoLocation: noLocation
userid: 476, username: l, street number: 0,1, geoLocation: noLocation
]]></system-out>

      <system-err><![CDATA[java.sql.BatchUpdateException: Table 'carpool.matches' doesn't exist
	at com.mysql.jdbc.StatementImpl.executeBatch(StatementImpl.java:1007)
	at car.pool.persistance.CarPoolStoreImpl.updateGeoLocationStart(Unknown Source)
	at car.pool.persistance.test.CarPoolStoreImplTest.testUpdateGeoLocation(Unknown Source)
	at sun.reflect.NativeMethodAccessorImpl.invoke0(Native Method)
	at sun.reflect.NativeMethodAccessorImpl.invoke(NativeMethodAccessorImpl.java:39)
	at sun.reflect.DelegatingMethodAccessorImpl.invoke(DelegatingMethodAccessorImpl.java:25)
	at java.lang.reflect.Method.invoke(Method.java:597)
	at junit.framework.TestCase.runTest(TestCase.java:164)
	at junit.framework.TestCase.runBare(TestCase.java:130)
	at junit.framework.TestResult$1.protect(TestResult.java:106)
	at junit.framework.TestResult.runProtected(TestResult.java:124)
	at junit.framework.TestResult.run(TestResult.java:109)
	at junit.framework.TestCase.run(TestCase.java:120)
	at junit.framework.TestSuite.runTest(TestSuite.java:230)
	at junit.framework.TestSuite.run(TestSuite.java:225)
	at org.apache.tools.ant.taskdefs.optional.junit.JUnitTestRunner.run(JUnitTestRunner.java:421)
	at org.apache.tools.ant.taskdefs.optional.junit.JUnitTask.executeInVM(JUnitTask.java:1245)
	at org.apache.tools.ant.taskdefs.optional.junit.JUnitTask.execute(JUnitTask.java:814)
	at org.apache.tools.ant.taskdefs.optional.junit.JUnitTask.executeOrQueue(JUnitTask.java:1657)
	at org.apache.tools.ant.taskdefs.optional.junit.JUnitTask.execute(JUnitTask.java:764)
	at org.apache.tools.ant.UnknownElement.execute(UnknownElement.java:288)
	at sun.reflect.NativeMethodAccessorImpl.invoke0(Native Method)
	at sun.reflect.NativeMethodAccessorImpl.invoke(NativeMethodAccessorImpl.java:39)
	at sun.reflect.DelegatingMethodAccessorImpl.invoke(DelegatingMethodAccessorImpl.java:25)
	at java.lang.reflect.Method.invoke(Method.java:597)
	at org.apache.tools.ant.dispatch.DispatchUtils.execute(DispatchUtils.java:105)
	at org.apache.tools.ant.Task.perform(Task.java:348)
	at org.apache.tools.ant.Target.execute(Target.java:357)
	at org.apache.tools.ant.Target.performTasks(Target.java:385)
	at org.apache.tools.ant.Project.executeSortedTargets(Project.java:1329)
	at org.apache.tools.ant.Project.executeTarget(Project.java:1298)
	at org.apache.tools.ant.helper.DefaultExecutor.executeTargets(DefaultExecutor.java:41)
	at org.apache.tools.ant.Project.executeTargets(Project.java:1181)
	at org.apache.tools.ant.Main.runBuild(Main.java:698)
	at org.apache.tools.ant.Main.startAnt(Main.java:199)
	at org.apache.tools.ant.launch.Launcher.run(Launcher.java:257)
	at org.apache.tools.ant.launch.Launcher.main(Launcher.java:104)
java.lang.NullPointerException
	at car.pool.persistance.CarPoolStoreImpl.updateGeoLocationStart(Unknown Source)
	at car.pool.persistance.test.CarPoolStoreImplTest.testUpdateGeoLocation(Unknown Source)
	at sun.reflect.NativeMethodAccessorImpl.invoke0(Native Method)
	at sun.reflect.NativeMethodAccessorImpl.invoke(NativeMethodAccessorImpl.java:39)
	at sun.reflect.DelegatingMethodAccessorImpl.invoke(DelegatingMethodAccessorImpl.java:25)
	at java.lang.reflect.Method.invoke(Method.java:597)
	at junit.framework.TestCase.runTest(TestCase.java:164)
	at junit.framework.TestCase.runBare(TestCase.java:130)
	at junit.framework.TestResult$1.protect(TestResult.java:106)
	at junit.framework.TestResult.runProtected(TestResult.java:124)
	at junit.framework.TestResult.run(TestResult.java:109)
	at junit.framework.TestCase.run(TestCase.java:120)
	at junit.framework.TestSuite.runTest(TestSuite.java:230)
	at junit.framework.TestSuite.run(TestSuite.java:225)
	at org.apache.tools.ant.taskdefs.optional.junit.JUnitTestRunner.run(JUnitTestRunner.java:421)
	at org.apache.tools.ant.taskdefs.optional.junit.JUnitTask.executeInVM(JUnitTask.java:1245)
	at org.apache.tools.ant.taskdefs.optional.junit.JUnitTask.execute(JUnitTask.java:814)
	at org.apache.tools.ant.taskdefs.optional.junit.JUnitTask.executeOrQueue(JUnitTask.java:1657)
	at org.apache.tools.ant.taskdefs.optional.junit.JUnitTask.execute(JUnitTask.java:764)
	at org.apache.tools.ant.UnknownElement.execute(UnknownElement.java:288)
	at sun.reflect.NativeMethodAccessorImpl.invoke0(Native Method)
	at sun.reflect.NativeMethodAccessorImpl.invoke(NativeMethodAccessorImpl.java:39)
	at sun.reflect.DelegatingMethodAccessorImpl.invoke(DelegatingMethodAccessorImpl.java:25)
	at java.lang.reflect.Method.invoke(Method.java:597)
	at org.apache.tools.ant.dispatch.DispatchUtils.execute(DispatchUtils.java:105)
	at org.apache.tools.ant.Task.perform(Task.java:348)
	at org.apache.tools.ant.Target.execute(Target.java:357)
	at org.apache.tools.ant.Target.performTasks(Target.java:385)
	at org.apache.tools.ant.Project.executeSortedTargets(Project.java:1329)
	at org.apache.tools.ant.Project.executeTarget(Project.java:1298)
	at org.apache.tools.ant.helper.DefaultExecutor.executeTargets(DefaultExecutor.java:41)
	at org.apache.tools.ant.Project.executeTargets(Project.java:1181)
	at org.apache.tools.ant.Main.runBuild(Main.java:698)
	at org.apache.tools.ant.Main.startAnt(Main.java:199)
	at org.apache.tools.ant.launch.Launcher.run(Launcher.java:257)
	at org.apache.tools.ant.launch.Launcher.main(Launcher.java:104)
]]></system-err>

  </testsuite>
  <testsuite errors="0" failures="1" hostname="tmnowr" id="2" name="StressTest" package="car.pool.persistance.test" tests="1" time="0.0090" timestamp="2008-10-15T03:45:00">
      <properties>
[...]
</properties>

      <testcase classname="junit.framework.TestSuite$1" name="warning" time="0.0020">
          <failure message="No tests found in car.pool.persistance.test.StressTest" type="junit.framework.AssertionFailedError">junit.framework.AssertionFailedError: No tests found in car.pool.persistance.test.StressTest
</failure>

      </testcase>

      <system-out />

      <system-err />

  </testsuite>
  <testsuite errors="0" failures="1" hostname="tmnowr" id="3" name="TestConnection" package="car.pool.persistance.test" tests="1" time="0.033" timestamp="2008-10-15T03:45:00">
      <properties>
[...]
</properties>

      <testcase classname="junit.framework.TestSuite$1" name="warning" time="0.02">
          <failure message="No tests found in car.pool.persistance.test.TestConnection" type="junit.framework.AssertionFailedError">junit.framework.AssertionFailedError: No tests found in car.pool.persistance.test.TestConnection
</failure>

      </testcase>

      <system-out />

      <system-err />

  </testsuite>
  <testsuite errors="0" failures="1" hostname="tmnowr" id="4" name="TestSetup" package="car.pool.persistance.test" tests="1" time="0.038" timestamp="2008-10-15T03:45:00">
      <properties>
[...]
</properties>

      <testcase classname="junit.framework.TestSuite$1" name="warning" time="0.0010">
          <failure message="No tests found in car.pool.persistance.test.TestSetup" type="junit.framework.AssertionFailedError">junit.framework.AssertionFailedError: No tests found in car.pool.persistance.test.TestSetup
</failure>

      </testcase>

      <system-out />

      <system-err />

  </testsuite>
  <testsuite errors="0" failures="1" hostname="tmnowr" id="5" name="removeAll" package="car.pool.persistance.test" tests="1" time="0.0090" timestamp="2008-10-15T03:45:00">
      <properties>
[...]
</properties>

      <testcase classname="junit.framework.TestSuite$1" name="warning" time="0.0010">
          <failure message="No tests found in car.pool.persistance.test.removeAll" type="junit.framework.AssertionFailedError">junit.framework.AssertionFailedError: No tests found in car.pool.persistance.test.removeAll
</failure>

      </testcase>

      <system-out />

      <system-err />

  </testsuite>
</testsuites>
